<?xml version="1.0" encoding="UTF-8"?>
<!-- Generated by org.testng.reporters.JUnitReportReporter -->
<testsuite hostname="Ravi" name="dfdsf.sfsdf" tests="2" failures="0" timestamp="19 Feb 2018 03:24:06 GMT" time="35.897" errors="0">
  <testcase name="learn" time="17.997" classname="dfdsf.sfsdf"/>
  <testcase name="learn" time="17.900" classname="dfdsf.sfsdf"/>
</testsuite> <!-- dfdsf.sfsdf -->
