<?xml version="1.0" encoding="UTF-8"?>
<!-- Generated by org.testng.reporters.JUnitReportReporter -->
<testsuite hostname="Ravi" name="Crossbrowser.facebook" tests="1" failures="0" timestamp="19 Feb 2018 04:19:00 GMT" time="0.179" errors="0">
  <testcase name="test1" time="0.179" classname="Crossbrowser.facebook"/>
</testsuite> <!-- Crossbrowser.facebook -->
