<?xml version="1.0" encoding="UTF-8"?>
<!-- Generated by org.testng.reporters.JUnitReportReporter -->
<testsuite hostname="Ravi" name="Crossbrowser.google" tests="1" failures="0" timestamp="19 Feb 2018 04:19:00 GMT" time="0.243" errors="0">
  <testcase name="test2" time="0.243" classname="Crossbrowser.google"/>
</testsuite> <!-- Crossbrowser.google -->
